mode: set
go-kata/course2/2.oop/5.oop_mock/task2.2.5.1/client.go:14.52,17.2 1 0
go-kata/course2/2.oop/5.oop_mock/task2.2.5.1/client.go:20.50,25.30 2 0
go-kata/course2/2.oop/5.oop_mock/task2.2.5.1/client.go:25.30,27.6 1 0
go-kata/course2/2.oop/5.oop_mock/task2.2.5.1/client.go:28.5,28.16 1 0
go-kata/course2/2.oop/5.oop_mock/task2.2.5.1/client.go:30.76,32.2 1 0
go-kata/course2/2.oop/5.oop_mock/task2.2.5.1/client.go:33.44,35.2 1 0
go-kata/course2/2.oop/5.oop_mock/task2.2.5.1/client.go:36.59,38.2 1 0
go-kata/course2/2.oop/5.oop_mock/task2.2.5.1/client.go:43.100,45.2 1 0
go-kata/course2/2.oop/5.oop_mock/task2.2.5.1/client.go:47.105,50.2 1 0
go-kata/course2/2.oop/5.oop_mock/task2.2.5.1/indicator.go:21.76,26.27 2 1
go-kata/course2/2.oop/5.oop_mock/task2.2.5.1/indicator.go:26.27,28.3 1 1
go-kata/course2/2.oop/5.oop_mock/task2.2.5.1/indicator.go:30.2,30.10 1 1
go-kata/course2/2.oop/5.oop_mock/task2.2.5.1/indicator.go:34.73,35.28 1 1
go-kata/course2/2.oop/5.oop_mock/task2.2.5.1/indicator.go:35.28,37.3 1 1
go-kata/course2/2.oop/5.oop_mock/task2.2.5.1/indicator.go:40.73,41.28 1 1
go-kata/course2/2.oop/5.oop_mock/task2.2.5.1/indicator.go:41.28,43.3 1 1
go-kata/course2/2.oop/5.oop_mock/task2.2.5.1/indicator.go:47.101,49.16 2 1
go-kata/course2/2.oop/5.oop_mock/task2.2.5.1/indicator.go:49.16,51.3 1 1
go-kata/course2/2.oop/5.oop_mock/task2.2.5.1/indicator.go:52.2,52.42 1 1
go-kata/course2/2.oop/5.oop_mock/task2.2.5.1/indicator.go:56.101,58.16 2 1
go-kata/course2/2.oop/5.oop_mock/task2.2.5.1/indicator.go:58.16,60.3 1 1
go-kata/course2/2.oop/5.oop_mock/task2.2.5.1/indicator.go:61.2,61.42 1 1
go-kata/course2/2.oop/5.oop_mock/task2.2.5.1/main.go:8.13,27.16 9 0
go-kata/course2/2.oop/5.oop_mock/task2.2.5.1/main.go:27.16,30.3 2 0
go-kata/course2/2.oop/5.oop_mock/task2.2.5.1/main.go:31.2,35.16 3 0
go-kata/course2/2.oop/5.oop_mock/task2.2.5.1/main.go:35.16,38.3 2 0
go-kata/course2/2.oop/5.oop_mock/task2.2.5.1/main.go:39.2,39.26 1 0
go-kata/course2/2.oop/5.oop_mock/task2.2.5.1/math.go:5.57,7.2 1 1
go-kata/course2/2.oop/5.oop_mock/task2.2.5.1/math.go:9.57,11.2 1 1
go-kata/course2/2.oop/5.oop_mock/task2.2.5.1/mock_client.go:26.63,30.2 3 1
go-kata/course2/2.oop/5.oop_mock/task2.2.5.1/mock_client.go:33.61,35.2 1 1
go-kata/course2/2.oop/5.oop_mock/task2.2.5.1/mock_client.go:38.114,44.2 5 0
go-kata/course2/2.oop/5.oop_mock/task2.2.5.1/mock_client.go:47.107,50.2 2 0
go-kata/course2/2.oop/5.oop_mock/task2.2.5.1/mock_client.go:53.109,59.2 5 1
go-kata/course2/2.oop/5.oop_mock/task2.2.5.1/mock_client.go:62.107,65.2 2 1
go-kata/course2/2.oop/5.oop_mock/task2.2.5.1/mock_client.go:68.61,74.2 5 0
go-kata/course2/2.oop/5.oop_mock/task2.2.5.1/mock_client.go:77.67,80.2 2 0
go-kata/course2/2.oop/5.oop_mock/task2.2.5.1/mock_client.go:83.85,86.26 3 0
go-kata/course2/2.oop/5.oop_mock/task2.2.5.1/mock_client.go:86.26,88.3 1 0
go-kata/course2/2.oop/5.oop_mock/task2.2.5.1/mock_client.go:89.2,92.19 4 0
go-kata/course2/2.oop/5.oop_mock/task2.2.5.1/mock_client.go:96.105,100.2 3 0
go-kata/course2/2.oop/5.oop_mock/task2.2.5.1/mock_client.go:103.53,109.2 5 0
go-kata/course2/2.oop/5.oop_mock/task2.2.5.1/mock_client.go:112.63,115.2 2 0
go-kata/course2/2.oop/5.oop_mock/task2.2.5.1/mock_client.go:118.68,121.26 3 0
go-kata/course2/2.oop/5.oop_mock/task2.2.5.1/mock_client.go:121.26,123.3 1 0
go-kata/course2/2.oop/5.oop_mock/task2.2.5.1/mock_client.go:124.2,127.19 4 0
go-kata/course2/2.oop/5.oop_mock/task2.2.5.1/mock_client.go:131.83,134.2 2 0
go-kata/course2/2.oop/5.oop_mock/task2.2.5.1/order_book.go:5.57,9.2 3 0
go-kata/course2/2.oop/5.oop_mock/task2.2.5.1/order_book.go:11.47,13.2 1 0
go-kata/course2/2.oop/5.oop_mock/task2.2.5.1/ticker.go:7.51,11.2 3 0
go-kata/course2/2.oop/5.oop_mock/task2.2.5.1/ticker.go:13.44,15.2 1 0
go-kata/course2/2.oop/5.oop_mock/task2.2.5.1/trades.go:5.51,9.2 3 0
go-kata/course2/2.oop/5.oop_mock/task2.2.5.1/trades.go:11.44,13.2 1 0
